Dec 10, 2019 10:44:18 PM org.apache.catalina.startup.SetAllPropertiesRule begin
WARNING: [SetAllPropertiesRule]{Server/Service/Connector} Setting property 'SSLProtocol' to 'TLSv1+TLSv1.1+TLSv1.2' did not find a matching property.
Dec 10, 2019 10:44:18 PM org.apache.catalina.startup.VersionLoggerListener log
INFO: Server version:        Apache Tomcat/7.0.93
Dec 10, 2019 10:44:18 PM org.apache.catalina.startup.VersionLoggerListener log
INFO: Server built:          Feb 16 2019 17:13:17 UTC
Dec 10, 2019 10:44:18 PM org.apache.catalina.startup.VersionLoggerListener log
INFO: Server number:         7.0.93.0
Dec 10, 2019 10:44:18 PM org.apache.catalina.startup.VersionLoggerListener log
INFO: OS Name:               Linux
Dec 10, 2019 10:44:18 PM org.apache.catalina.startup.VersionLoggerListener log
INFO: OS Version:            3.10.0-957.21.3.el7.x86_64
Dec 10, 2019 10:44:18 PM org.apache.catalina.startup.VersionLoggerListener log
INFO: Architecture:          amd64
Dec 10, 2019 10:44:18 PM org.apache.catalina.startup.VersionLoggerListener log
INFO: Java Home:             /usr/lib/jvm/java-1.8.0-openjdk-1.8.0.232.b09-0.el7_7.x86_64/jre
Dec 10, 2019 10:44:18 PM org.apache.catalina.startup.VersionLoggerListener log
INFO: JVM Version:           1.8.0_232-b09
Dec 10, 2019 10:44:18 PM org.apache.catalina.startup.VersionLoggerListener log
INFO: JVM Vendor:            Oracle Corporation
Dec 10, 2019 10:44:18 PM org.apache.catalina.startup.VersionLoggerListener log
INFO: CATALINA_BASE:         /home/zhou/ts/apache-tomcat-7.0.93
Dec 10, 2019 10:44:18 PM org.apache.catalina.startup.VersionLoggerListener log
INFO: CATALINA_HOME:         /home/zhou/ts/apache-tomcat-7.0.93
Dec 10, 2019 10:44:18 PM org.apache.catalina.startup.VersionLoggerListener log
INFO: Command line argument: -Djava.util.logging.config.file=/home/zhou/ts/apache-tomcat-7.0.93/conf/logging.properties
Dec 10, 2019 10:44:18 PM org.apache.catalina.startup.VersionLoggerListener log
INFO: Command line argument: -Djava.util.logging.manager=org.apache.juli.ClassLoaderLogManager
Dec 10, 2019 10:44:18 PM org.apache.catalina.startup.VersionLoggerListener log
INFO: Command line argument: -Djdk.tls.ephemeralDHKeySize=2048
Dec 10, 2019 10:44:18 PM org.apache.catalina.startup.VersionLoggerListener log
INFO: Command line argument: -Dignore.endorsed.dirs=
Dec 10, 2019 10:44:18 PM org.apache.catalina.startup.VersionLoggerListener log
INFO: Command line argument: -Dcatalina.base=/home/zhou/ts/apache-tomcat-7.0.93
Dec 10, 2019 10:44:18 PM org.apache.catalina.startup.VersionLoggerListener log
INFO: Command line argument: -Dcatalina.home=/home/zhou/ts/apache-tomcat-7.0.93
Dec 10, 2019 10:44:18 PM org.apache.catalina.startup.VersionLoggerListener log
INFO: Command line argument: -Djava.io.tmpdir=/home/zhou/ts/apache-tomcat-7.0.93/temp
Dec 10, 2019 10:44:18 PM org.apache.catalina.core.AprLifecycleListener lifecycleEvent
INFO: The APR based Apache Tomcat Native library which allows optimal performance in production environments was not found on the java.library.path: /usr/java/packages/lib/amd64:/usr/lib64:/lib64:/lib:/usr/lib
Dec 10, 2019 10:44:18 PM org.apache.coyote.AbstractProtocol init
INFO: Initializing ProtocolHandler ["http-bio-443"]
Dec 10, 2019 10:44:18 PM org.apache.tomcat.util.net.jsse.JSSESocketFactory getStore
SEVERE: Failed to load keystore type PKCS12 with path cert/3167762_liberalzhou.xyz.pfx due to /home/zhou/ts/apache-tomcat-7.0.93/cert/3167762_liberalzhou.xyz.pfx (No such file or directory)
java.io.FileNotFoundException: /home/zhou/ts/apache-tomcat-7.0.93/cert/3167762_liberalzhou.xyz.pfx (No such file or directory)
	at java.io.FileInputStream.open0(Native Method)
	at java.io.FileInputStream.open(FileInputStream.java:195)
	at java.io.FileInputStream.<init>(FileInputStream.java:138)
	at java.io.FileInputStream.<init>(FileInputStream.java:93)
	at sun.net.www.protocol.file.FileURLConnection.connect(FileURLConnection.java:90)
	at sun.net.www.protocol.file.FileURLConnection.getInputStream(FileURLConnection.java:188)
	at java.net.URL.openStream(URL.java:1067)
	at org.apache.tomcat.util.file.ConfigFileLoader.getInputStream(ConfigFileLoader.java:100)
	at org.apache.tomcat.util.net.jsse.JSSESocketFactory.getStore(JSSESocketFactory.java:472)
	at org.apache.tomcat.util.net.jsse.JSSESocketFactory.getKeystore(JSSESocketFactory.java:381)
	at org.apache.tomcat.util.net.jsse.JSSESocketFactory.getKeyManagers(JSSESocketFactory.java:654)
	at org.apache.tomcat.util.net.jsse.JSSESocketFactory.getKeyManagers(JSSESocketFactory.java:594)
	at org.apache.tomcat.util.net.jsse.JSSESocketFactory.init(JSSESocketFactory.java:539)
	at org.apache.tomcat.util.net.jsse.JSSESocketFactory.createSocket(JSSESocketFactory.java:255)
	at org.apache.tomcat.util.net.JIoEndpoint.bind(JIoEndpoint.java:401)
	at org.apache.tomcat.util.net.AbstractEndpoint.init(AbstractEndpoint.java:728)
	at org.apache.coyote.AbstractProtocol.init(AbstractProtocol.java:452)
	at org.apache.coyote.http11.AbstractHttp11JsseProtocol.init(AbstractHttp11JsseProtocol.java:119)
	at org.apache.catalina.connector.Connector.initInternal(Connector.java:978)
	at org.apache.catalina.util.LifecycleBase.init(LifecycleBase.java:102)
	at org.apache.catalina.core.StandardService.initInternal(StandardService.java:560)
	at org.apache.catalina.util.LifecycleBase.init(LifecycleBase.java:102)
	at org.apache.catalina.core.StandardServer.initInternal(StandardServer.java:840)
	at org.apache.catalina.util.LifecycleBase.init(LifecycleBase.java:102)
	at org.apache.catalina.startup.Catalina.load(Catalina.java:660)
	at org.apache.catalina.startup.Catalina.load(Catalina.java:685)
	at sun.reflect.NativeMethodAccessorImpl.invoke0(Native Method)
	at sun.reflect.NativeMethodAccessorImpl.invoke(NativeMethodAccessorImpl.java:62)
	at sun.reflect.DelegatingMethodAccessorImpl.invoke(DelegatingMethodAccessorImpl.java:43)
	at java.lang.reflect.Method.invoke(Method.java:498)
	at org.apache.catalina.startup.Bootstrap.load(Bootstrap.java:253)
	at org.apache.catalina.startup.Bootstrap.main(Bootstrap.java:427)

Dec 10, 2019 10:44:18 PM org.apache.coyote.AbstractProtocol init
SEVERE: Failed to initialize end point associated with ProtocolHandler ["http-bio-443"]
java.io.FileNotFoundException: /home/zhou/ts/apache-tomcat-7.0.93/cert/3167762_liberalzhou.xyz.pfx (No such file or directory)
	at java.io.FileInputStream.open0(Native Method)
	at java.io.FileInputStream.open(FileInputStream.java:195)
	at java.io.FileInputStream.<init>(FileInputStream.java:138)
	at java.io.FileInputStream.<init>(FileInputStream.java:93)
	at sun.net.www.protocol.file.FileURLConnection.connect(FileURLConnection.java:90)
	at sun.net.www.protocol.file.FileURLConnection.getInputStream(FileURLConnection.java:188)
	at java.net.URL.openStream(URL.java:1067)
	at org.apache.tomcat.util.file.ConfigFileLoader.getInputStream(ConfigFileLoader.java:100)
	at org.apache.tomcat.util.net.jsse.JSSESocketFactory.getStore(JSSESocketFactory.java:472)
	at org.apache.tomcat.util.net.jsse.JSSESocketFactory.getKeystore(JSSESocketFactory.java:381)
	at org.apache.tomcat.util.net.jsse.JSSESocketFactory.getKeyManagers(JSSESocketFactory.java:654)
	at org.apache.tomcat.util.net.jsse.JSSESocketFactory.getKeyManagers(JSSESocketFactory.java:594)
	at org.apache.tomcat.util.net.jsse.JSSESocketFactory.init(JSSESocketFactory.java:539)
	at org.apache.tomcat.util.net.jsse.JSSESocketFactory.createSocket(JSSESocketFactory.java:255)
	at org.apache.tomcat.util.net.JIoEndpoint.bind(JIoEndpoint.java:401)
	at org.apache.tomcat.util.net.AbstractEndpoint.init(AbstractEndpoint.java:728)
	at org.apache.coyote.AbstractProtocol.init(AbstractProtocol.java:452)
	at org.apache.coyote.http11.AbstractHttp11JsseProtocol.init(AbstractHttp11JsseProtocol.java:119)
	at org.apache.catalina.connector.Connector.initInternal(Connector.java:978)
	at org.apache.catalina.util.LifecycleBase.init(LifecycleBase.java:102)
	at org.apache.catalina.core.StandardService.initInternal(StandardService.java:560)
	at org.apache.catalina.util.LifecycleBase.init(LifecycleBase.java:102)
	at org.apache.catalina.core.StandardServer.initInternal(StandardServer.java:840)
	at org.apache.catalina.util.LifecycleBase.init(LifecycleBase.java:102)
	at org.apache.catalina.startup.Catalina.load(Catalina.java:660)
	at org.apache.catalina.startup.Catalina.load(Catalina.java:685)
	at sun.reflect.NativeMethodAccessorImpl.invoke0(Native Method)
	at sun.reflect.NativeMethodAccessorImpl.invoke(NativeMethodAccessorImpl.java:62)
	at sun.reflect.DelegatingMethodAccessorImpl.invoke(DelegatingMethodAccessorImpl.java:43)
	at java.lang.reflect.Method.invoke(Method.java:498)
	at org.apache.catalina.startup.Bootstrap.load(Bootstrap.java:253)
	at org.apache.catalina.startup.Bootstrap.main(Bootstrap.java:427)

Dec 10, 2019 10:44:18 PM org.apache.catalina.core.StandardService initInternal
SEVERE: Failed to initialize connector [Connector[HTTP/1.1-443]]
org.apache.catalina.LifecycleException: Failed to initialize component [Connector[HTTP/1.1-443]]
	at org.apache.catalina.util.LifecycleBase.init(LifecycleBase.java:107)
	at org.apache.catalina.core.StandardService.initInternal(StandardService.java:560)
	at org.apache.catalina.util.LifecycleBase.init(LifecycleBase.java:102)
	at org.apache.catalina.core.StandardServer.initInternal(StandardServer.java:840)
	at org.apache.catalina.util.LifecycleBase.init(LifecycleBase.java:102)
	at org.apache.catalina.startup.Catalina.load(Catalina.java:660)
	at org.apache.catalina.startup.Catalina.load(Catalina.java:685)
	at sun.reflect.NativeMethodAccessorImpl.invoke0(Native Method)
	at sun.reflect.NativeMethodAccessorImpl.invoke(NativeMethodAccessorImpl.java:62)
	at sun.reflect.DelegatingMethodAccessorImpl.invoke(DelegatingMethodAccessorImpl.java:43)
	at java.lang.reflect.Method.invoke(Method.java:498)
	at org.apache.catalina.startup.Bootstrap.load(Bootstrap.java:253)
	at org.apache.catalina.startup.Bootstrap.main(Bootstrap.java:427)
Caused by: org.apache.catalina.LifecycleException: Protocol handler initialization failed
	at org.apache.catalina.connector.Connector.initInternal(Connector.java:980)
	at org.apache.catalina.util.LifecycleBase.init(LifecycleBase.java:102)
	... 12 more
Caused by: java.io.FileNotFoundException: /home/zhou/ts/apache-tomcat-7.0.93/cert/3167762_liberalzhou.xyz.pfx (No such file or directory)
	at java.io.FileInputStream.open0(Native Method)
	at java.io.FileInputStream.open(FileInputStream.java:195)
	at java.io.FileInputStream.<init>(FileInputStream.java:138)
	at java.io.FileInputStream.<init>(FileInputStream.java:93)
	at sun.net.www.protocol.file.FileURLConnection.connect(FileURLConnection.java:90)
	at sun.net.www.protocol.file.FileURLConnection.getInputStream(FileURLConnection.java:188)
	at java.net.URL.openStream(URL.java:1067)
	at org.apache.tomcat.util.file.ConfigFileLoader.getInputStream(ConfigFileLoader.java:100)
	at org.apache.tomcat.util.net.jsse.JSSESocketFactory.getStore(JSSESocketFactory.java:472)
	at org.apache.tomcat.util.net.jsse.JSSESocketFactory.getKeystore(JSSESocketFactory.java:381)
	at org.apache.tomcat.util.net.jsse.JSSESocketFactory.getKeyManagers(JSSESocketFactory.java:654)
	at org.apache.tomcat.util.net.jsse.JSSESocketFactory.getKeyManagers(JSSESocketFactory.java:594)
	at org.apache.tomcat.util.net.jsse.JSSESocketFactory.init(JSSESocketFactory.java:539)
	at org.apache.tomcat.util.net.jsse.JSSESocketFactory.createSocket(JSSESocketFactory.java:255)
	at org.apache.tomcat.util.net.JIoEndpoint.bind(JIoEndpoint.java:401)
	at org.apache.tomcat.util.net.AbstractEndpoint.init(AbstractEndpoint.java:728)
	at org.apache.coyote.AbstractProtocol.init(AbstractProtocol.java:452)
	at org.apache.coyote.http11.AbstractHttp11JsseProtocol.init(AbstractHttp11JsseProtocol.java:119)
	at org.apache.catalina.connector.Connector.initInternal(Connector.java:978)
	... 13 more

Dec 10, 2019 10:44:18 PM org.apache.coyote.AbstractProtocol init
INFO: Initializing ProtocolHandler ["http-bio-8080"]
Dec 10, 2019 10:44:18 PM org.apache.coyote.AbstractProtocol init
INFO: Initializing ProtocolHandler ["ajp-bio-8009"]
Dec 10, 2019 10:44:18 PM org.apache.catalina.startup.Catalina load
INFO: Initialization processed in 1347 ms
Dec 10, 2019 10:44:18 PM org.apache.catalina.core.StandardService startInternal
INFO: Starting service Catalina
Dec 10, 2019 10:44:18 PM org.apache.catalina.core.StandardEngine startInternal
INFO: Starting Servlet Engine: Apache Tomcat/7.0.93
Dec 10, 2019 10:44:18 PM org.apache.catalina.startup.HostConfig deployDirectory
INFO: Deploying web application directory /home/zhou/ts/apache-tomcat-7.0.93/webapps/host-manager
Dec 10, 2019 10:44:19 PM org.apache.catalina.startup.HostConfig deployDirectory
INFO: Deployment of web application directory /home/zhou/ts/apache-tomcat-7.0.93/webapps/host-manager has finished in 643 ms
Dec 10, 2019 10:44:19 PM org.apache.catalina.startup.HostConfig deployDirectory
INFO: Deploying web application directory /home/zhou/ts/apache-tomcat-7.0.93/webapps/ROOT
Dec 10, 2019 10:44:19 PM org.apache.catalina.startup.HostConfig deployDirectory
INFO: Deployment of web application directory /home/zhou/ts/apache-tomcat-7.0.93/webapps/ROOT has finished in 88 ms
Dec 10, 2019 10:44:19 PM org.apache.catalina.startup.HostConfig deployDirectory
INFO: Deploying web application directory /home/zhou/ts/apache-tomcat-7.0.93/webapps/docs
Dec 10, 2019 10:44:19 PM org.apache.catalina.startup.HostConfig deployDirectory
INFO: Deployment of web application directory /home/zhou/ts/apache-tomcat-7.0.93/webapps/docs has finished in 84 ms
Dec 10, 2019 10:44:19 PM org.apache.catalina.startup.HostConfig deployDirectory
INFO: Deploying web application directory /home/zhou/ts/apache-tomcat-7.0.93/webapps/examples
Dec 10, 2019 10:44:20 PM org.apache.catalina.startup.HostConfig deployDirectory
INFO: Deployment of web application directory /home/zhou/ts/apache-tomcat-7.0.93/webapps/examples has finished in 371 ms
Dec 10, 2019 10:44:20 PM org.apache.catalina.startup.HostConfig deployDirectory
INFO: Deploying web application directory /home/zhou/ts/apache-tomcat-7.0.93/webapps/manager
Dec 10, 2019 10:44:20 PM org.apache.catalina.startup.HostConfig deployDirectory
INFO: Deployment of web application directory /home/zhou/ts/apache-tomcat-7.0.93/webapps/manager has finished in 80 ms
Dec 10, 2019 10:44:20 PM org.apache.coyote.AbstractProtocol start
INFO: Starting ProtocolHandler ["http-bio-8080"]
Dec 10, 2019 10:44:20 PM org.apache.coyote.AbstractProtocol start
INFO: Starting ProtocolHandler ["ajp-bio-8009"]
Dec 10, 2019 10:44:20 PM org.apache.catalina.startup.Catalina start
INFO: Server startup in 1440 ms
