Dec 22, 2019 2:13:03 AM org.apache.coyote.http11.AbstractHttp11Processor process
INFO: Error parsing HTTP request header
 Note: further occurrences of HTTP header parsing errors will be logged at DEBUG level.
java.lang.IllegalArgumentException: Invalid character found in method name. HTTP method names must be tokens
	at org.apache.coyote.http11.InternalInputBuffer.parseRequestLine(InternalInputBuffer.java:140)
	at org.apache.coyote.http11.AbstractHttp11Processor.process(AbstractHttp11Processor.java:1050)
	at org.apache.coyote.AbstractProtocol$AbstractConnectionHandler.process(AbstractProtocol.java:637)
	at org.apache.tomcat.util.net.JIoEndpoint$SocketProcessor.run(JIoEndpoint.java:317)
	at java.util.concurrent.ThreadPoolExecutor.runWorker(ThreadPoolExecutor.java:1149)
	at java.util.concurrent.ThreadPoolExecutor$Worker.run(ThreadPoolExecutor.java:624)
	at org.apache.tomcat.util.threads.TaskThread$WrappingRunnable.run(TaskThread.java:61)
	at java.lang.Thread.run(Thread.java:748)

Dec 22, 2019 6:14:43 AM org.apache.coyote.http11.AbstractHttp11Processor process
INFO: Error parsing HTTP request header
 Note: further occurrences of HTTP header parsing errors will be logged at DEBUG level.
java.lang.IllegalArgumentException: Invalid character found in method name. HTTP method names must be tokens
	at org.apache.coyote.http11.InternalInputBuffer.parseRequestLine(InternalInputBuffer.java:140)
	at org.apache.coyote.http11.AbstractHttp11Processor.process(AbstractHttp11Processor.java:1050)
	at org.apache.coyote.AbstractProtocol$AbstractConnectionHandler.process(AbstractProtocol.java:637)
	at org.apache.tomcat.util.net.JIoEndpoint$SocketProcessor.run(JIoEndpoint.java:317)
	at java.util.concurrent.ThreadPoolExecutor.runWorker(ThreadPoolExecutor.java:1149)
	at java.util.concurrent.ThreadPoolExecutor$Worker.run(ThreadPoolExecutor.java:624)
	at org.apache.tomcat.util.threads.TaskThread$WrappingRunnable.run(TaskThread.java:61)
	at java.lang.Thread.run(Thread.java:748)

Dec 22, 2019 6:14:48 AM org.apache.coyote.http11.AbstractHttp11Processor process
INFO: Error parsing HTTP request header
 Note: further occurrences of HTTP header parsing errors will be logged at DEBUG level.
java.lang.IllegalArgumentException: Invalid character found in method name. HTTP method names must be tokens
	at org.apache.coyote.http11.InternalInputBuffer.parseRequestLine(InternalInputBuffer.java:140)
	at org.apache.coyote.http11.AbstractHttp11Processor.process(AbstractHttp11Processor.java:1050)
	at org.apache.coyote.AbstractProtocol$AbstractConnectionHandler.process(AbstractProtocol.java:637)
	at org.apache.tomcat.util.net.JIoEndpoint$SocketProcessor.run(JIoEndpoint.java:317)
	at java.util.concurrent.ThreadPoolExecutor.runWorker(ThreadPoolExecutor.java:1149)
	at java.util.concurrent.ThreadPoolExecutor$Worker.run(ThreadPoolExecutor.java:624)
	at org.apache.tomcat.util.threads.TaskThread$WrappingRunnable.run(TaskThread.java:61)
	at java.lang.Thread.run(Thread.java:748)

Dec 22, 2019 11:35:04 AM org.apache.catalina.realm.LockOutRealm filterLockedAccounts
WARNING: An attempt was made to authenticate the locked user "admin"
Dec 22, 2019 11:35:04 AM org.apache.catalina.realm.LockOutRealm filterLockedAccounts
WARNING: An attempt was made to authenticate the locked user "admin"
Dec 22, 2019 11:35:04 AM org.apache.catalina.realm.LockOutRealm filterLockedAccounts
WARNING: An attempt was made to authenticate the locked user "admin"
Dec 22, 2019 11:35:04 AM org.apache.catalina.realm.LockOutRealm filterLockedAccounts
WARNING: An attempt was made to authenticate the locked user "admin"
Dec 22, 2019 11:35:04 AM org.apache.catalina.realm.LockOutRealm filterLockedAccounts
WARNING: An attempt was made to authenticate the locked user "admin"
Dec 22, 2019 11:35:04 AM org.apache.catalina.realm.LockOutRealm filterLockedAccounts
WARNING: An attempt was made to authenticate the locked user "admin"
Dec 22, 2019 11:35:04 AM org.apache.catalina.realm.LockOutRealm filterLockedAccounts
WARNING: An attempt was made to authenticate the locked user "admin"
Dec 22, 2019 11:35:05 AM org.apache.catalina.realm.LockOutRealm filterLockedAccounts
WARNING: An attempt was made to authenticate the locked user "tomcat"
Dec 22, 2019 11:35:05 AM org.apache.catalina.realm.LockOutRealm filterLockedAccounts
WARNING: An attempt was made to authenticate the locked user "tomcat"
Dec 22, 2019 11:35:05 AM org.apache.catalina.realm.LockOutRealm filterLockedAccounts
WARNING: An attempt was made to authenticate the locked user "tomcat"
Dec 22, 2019 11:35:05 AM org.apache.catalina.realm.LockOutRealm filterLockedAccounts
WARNING: An attempt was made to authenticate the locked user "tomcat"
Dec 22, 2019 11:35:05 AM org.apache.catalina.realm.LockOutRealm filterLockedAccounts
WARNING: An attempt was made to authenticate the locked user "tomcat"
Dec 22, 2019 11:35:05 AM org.apache.catalina.realm.LockOutRealm filterLockedAccounts
WARNING: An attempt was made to authenticate the locked user "tomcat"
Dec 22, 2019 11:35:05 AM org.apache.catalina.realm.LockOutRealm filterLockedAccounts
WARNING: An attempt was made to authenticate the locked user "tomcat"
Dec 22, 2019 11:35:06 AM org.apache.catalina.realm.LockOutRealm filterLockedAccounts
WARNING: An attempt was made to authenticate the locked user "root"
Dec 22, 2019 11:35:06 AM org.apache.catalina.realm.LockOutRealm filterLockedAccounts
WARNING: An attempt was made to authenticate the locked user "root"
Dec 22, 2019 11:35:06 AM org.apache.catalina.realm.LockOutRealm filterLockedAccounts
WARNING: An attempt was made to authenticate the locked user "root"
Dec 22, 2019 11:35:06 AM org.apache.catalina.realm.LockOutRealm filterLockedAccounts
WARNING: An attempt was made to authenticate the locked user "root"
Dec 22, 2019 11:35:06 AM org.apache.catalina.realm.LockOutRealm filterLockedAccounts
WARNING: An attempt was made to authenticate the locked user "root"
Dec 22, 2019 11:35:06 AM org.apache.catalina.realm.LockOutRealm filterLockedAccounts
WARNING: An attempt was made to authenticate the locked user "root"
Dec 22, 2019 11:35:06 AM org.apache.catalina.realm.LockOutRealm filterLockedAccounts
WARNING: An attempt was made to authenticate the locked user "root"
Dec 22, 2019 11:35:07 AM org.apache.catalina.realm.LockOutRealm filterLockedAccounts
WARNING: An attempt was made to authenticate the locked user "manager"
Dec 22, 2019 11:35:07 AM org.apache.catalina.realm.LockOutRealm filterLockedAccounts
WARNING: An attempt was made to authenticate the locked user "manager"
Dec 22, 2019 11:35:07 AM org.apache.catalina.realm.LockOutRealm filterLockedAccounts
WARNING: An attempt was made to authenticate the locked user "manager"
Dec 22, 2019 11:35:07 AM org.apache.catalina.realm.LockOutRealm filterLockedAccounts
WARNING: An attempt was made to authenticate the locked user "manager"
Dec 22, 2019 11:35:07 AM org.apache.catalina.realm.LockOutRealm filterLockedAccounts
WARNING: An attempt was made to authenticate the locked user "manager"
Dec 22, 2019 11:35:07 AM org.apache.catalina.realm.LockOutRealm filterLockedAccounts
WARNING: An attempt was made to authenticate the locked user "manager"
Dec 22, 2019 11:35:07 AM org.apache.catalina.realm.LockOutRealm filterLockedAccounts
WARNING: An attempt was made to authenticate the locked user "manager"
Dec 22, 2019 11:35:08 AM org.apache.catalina.realm.LockOutRealm filterLockedAccounts
WARNING: An attempt was made to authenticate the locked user "test"
Dec 22, 2019 11:35:08 AM org.apache.catalina.realm.LockOutRealm filterLockedAccounts
WARNING: An attempt was made to authenticate the locked user "test"
Dec 22, 2019 11:35:08 AM org.apache.catalina.realm.LockOutRealm filterLockedAccounts
WARNING: An attempt was made to authenticate the locked user "test"
Dec 22, 2019 11:35:08 AM org.apache.catalina.realm.LockOutRealm filterLockedAccounts
WARNING: An attempt was made to authenticate the locked user "test"
Dec 22, 2019 11:35:08 AM org.apache.catalina.realm.LockOutRealm filterLockedAccounts
WARNING: An attempt was made to authenticate the locked user "test"
Dec 22, 2019 11:35:08 AM org.apache.catalina.realm.LockOutRealm filterLockedAccounts
WARNING: An attempt was made to authenticate the locked user "test"
Dec 22, 2019 11:35:08 AM org.apache.catalina.realm.LockOutRealm filterLockedAccounts
WARNING: An attempt was made to authenticate the locked user "test"
Dec 22, 2019 2:12:26 PM org.apache.coyote.http11.AbstractHttp11Processor process
INFO: Error parsing HTTP request header
 Note: further occurrences of HTTP header parsing errors will be logged at DEBUG level.
java.lang.IllegalArgumentException: Invalid character found in method name. HTTP method names must be tokens
	at org.apache.coyote.http11.InternalInputBuffer.parseRequestLine(InternalInputBuffer.java:140)
	at org.apache.coyote.http11.AbstractHttp11Processor.process(AbstractHttp11Processor.java:1050)
	at org.apache.coyote.AbstractProtocol$AbstractConnectionHandler.process(AbstractProtocol.java:637)
	at org.apache.tomcat.util.net.JIoEndpoint$SocketProcessor.run(JIoEndpoint.java:317)
	at java.util.concurrent.ThreadPoolExecutor.runWorker(ThreadPoolExecutor.java:1149)
	at java.util.concurrent.ThreadPoolExecutor$Worker.run(ThreadPoolExecutor.java:624)
	at org.apache.tomcat.util.threads.TaskThread$WrappingRunnable.run(TaskThread.java:61)
	at java.lang.Thread.run(Thread.java:748)

Dec 22, 2019 6:12:25 PM org.apache.coyote.http11.AbstractHttp11Processor process
INFO: Error parsing HTTP request header
 Note: further occurrences of HTTP header parsing errors will be logged at DEBUG level.
java.lang.IllegalArgumentException: Invalid character found in method name. HTTP method names must be tokens
	at org.apache.coyote.http11.InternalInputBuffer.parseRequestLine(InternalInputBuffer.java:140)
	at org.apache.coyote.http11.AbstractHttp11Processor.process(AbstractHttp11Processor.java:1050)
	at org.apache.coyote.AbstractProtocol$AbstractConnectionHandler.process(AbstractProtocol.java:637)
	at org.apache.tomcat.util.net.JIoEndpoint$SocketProcessor.run(JIoEndpoint.java:317)
	at java.util.concurrent.ThreadPoolExecutor.runWorker(ThreadPoolExecutor.java:1149)
	at java.util.concurrent.ThreadPoolExecutor$Worker.run(ThreadPoolExecutor.java:624)
	at org.apache.tomcat.util.threads.TaskThread$WrappingRunnable.run(TaskThread.java:61)
	at java.lang.Thread.run(Thread.java:748)

Dec 22, 2019 6:12:30 PM org.apache.coyote.http11.AbstractHttp11Processor process
INFO: Error parsing HTTP request header
 Note: further occurrences of HTTP header parsing errors will be logged at DEBUG level.
java.lang.IllegalArgumentException: Invalid character found in method name. HTTP method names must be tokens
	at org.apache.coyote.http11.InternalInputBuffer.parseRequestLine(InternalInputBuffer.java:140)
	at org.apache.coyote.http11.AbstractHttp11Processor.process(AbstractHttp11Processor.java:1050)
	at org.apache.coyote.AbstractProtocol$AbstractConnectionHandler.process(AbstractProtocol.java:637)
	at org.apache.tomcat.util.net.JIoEndpoint$SocketProcessor.run(JIoEndpoint.java:317)
	at java.util.concurrent.ThreadPoolExecutor.runWorker(ThreadPoolExecutor.java:1149)
	at java.util.concurrent.ThreadPoolExecutor$Worker.run(ThreadPoolExecutor.java:624)
	at org.apache.tomcat.util.threads.TaskThread$WrappingRunnable.run(TaskThread.java:61)
	at java.lang.Thread.run(Thread.java:748)

