09-Dec-2019 22:59:52.133 INFO [main] org.apache.catalina.startup.VersionLoggerListener.log Server version name:   Apache Tomcat/9.0.14
09-Dec-2019 22:59:52.134 INFO [main] org.apache.catalina.startup.VersionLoggerListener.log Server built:          Dec 6 2018 21:13:53 UTC
09-Dec-2019 22:59:52.135 INFO [main] org.apache.catalina.startup.VersionLoggerListener.log Server version number: 9.0.14.0
09-Dec-2019 22:59:52.135 INFO [main] org.apache.catalina.startup.VersionLoggerListener.log OS Name:               Linux
09-Dec-2019 22:59:52.135 INFO [main] org.apache.catalina.startup.VersionLoggerListener.log OS Version:            3.10.0-957.21.3.el7.x86_64
09-Dec-2019 22:59:52.135 INFO [main] org.apache.catalina.startup.VersionLoggerListener.log Architecture:          amd64
09-Dec-2019 22:59:52.135 INFO [main] org.apache.catalina.startup.VersionLoggerListener.log Java Home:             /usr/lib/jvm/java-1.8.0-openjdk-1.8.0.232.b09-0.el7_7.x86_64/jre
09-Dec-2019 22:59:52.135 INFO [main] org.apache.catalina.startup.VersionLoggerListener.log JVM Version:           1.8.0_232-b09
09-Dec-2019 22:59:52.135 INFO [main] org.apache.catalina.startup.VersionLoggerListener.log JVM Vendor:            Oracle Corporation
09-Dec-2019 22:59:52.135 INFO [main] org.apache.catalina.startup.VersionLoggerListener.log CATALINA_BASE:         /home/zhou/ts/apache-tomcat-9.0.14
09-Dec-2019 22:59:52.135 INFO [main] org.apache.catalina.startup.VersionLoggerListener.log CATALINA_HOME:         /home/zhou/ts/apache-tomcat-9.0.14
09-Dec-2019 22:59:52.135 INFO [main] org.apache.catalina.startup.VersionLoggerListener.log Command line argument: -Djava.util.logging.config.file=/home/zhou/ts/apache-tomcat-9.0.14/conf/logging.properties
09-Dec-2019 22:59:52.135 INFO [main] org.apache.catalina.startup.VersionLoggerListener.log Command line argument: -Djava.util.logging.manager=org.apache.juli.ClassLoaderLogManager
09-Dec-2019 22:59:52.135 INFO [main] org.apache.catalina.startup.VersionLoggerListener.log Command line argument: -Djdk.tls.ephemeralDHKeySize=2048
09-Dec-2019 22:59:52.136 INFO [main] org.apache.catalina.startup.VersionLoggerListener.log Command line argument: -Djava.protocol.handler.pkgs=org.apache.catalina.webresources
09-Dec-2019 22:59:52.136 INFO [main] org.apache.catalina.startup.VersionLoggerListener.log Command line argument: -Dorg.apache.catalina.security.SecurityListener.UMASK=0027
09-Dec-2019 22:59:52.161 INFO [main] org.apache.catalina.startup.VersionLoggerListener.log Command line argument: -Dignore.endorsed.dirs=
09-Dec-2019 22:59:52.161 INFO [main] org.apache.catalina.startup.VersionLoggerListener.log Command line argument: -Dcatalina.base=/home/zhou/ts/apache-tomcat-9.0.14
09-Dec-2019 22:59:52.161 INFO [main] org.apache.catalina.startup.VersionLoggerListener.log Command line argument: -Dcatalina.home=/home/zhou/ts/apache-tomcat-9.0.14
09-Dec-2019 22:59:52.161 INFO [main] org.apache.catalina.startup.VersionLoggerListener.log Command line argument: -Djava.io.tmpdir=/home/zhou/ts/apache-tomcat-9.0.14/temp
09-Dec-2019 22:59:52.161 INFO [main] org.apache.catalina.core.AprLifecycleListener.lifecycleEvent The APR based Apache Tomcat Native library which allows optimal performance in production environments was not found on the java.library.path: [/usr/java/packages/lib/amd64:/usr/lib64:/lib64:/lib:/usr/lib]
09-Dec-2019 22:59:52.321 INFO [main] org.apache.coyote.AbstractProtocol.init Initializing ProtocolHandler ["http-nio-8080"]
09-Dec-2019 22:59:52.353 INFO [main] org.apache.coyote.AbstractProtocol.init Initializing ProtocolHandler ["https-jsse-nio-443"]
09-Dec-2019 22:59:52.355 SEVERE [main] org.apache.catalina.util.LifecycleBase.handleSubClassException Failed to initialize component [Connector[HTTP/1.1-443]]
 org.apache.catalina.LifecycleException: Protocol handler initialization failed
	at org.apache.catalina.connector.Connector.initInternal(Connector.java:979)
	at org.apache.catalina.util.LifecycleBase.init(LifecycleBase.java:136)
	at org.apache.catalina.core.StandardService.initInternal(StandardService.java:535)
	at org.apache.catalina.util.LifecycleBase.init(LifecycleBase.java:136)
	at org.apache.catalina.core.StandardServer.initInternal(StandardServer.java:1060)
	at org.apache.catalina.util.LifecycleBase.init(LifecycleBase.java:136)
	at org.apache.catalina.startup.Catalina.load(Catalina.java:588)
	at org.apache.catalina.startup.Catalina.load(Catalina.java:611)
	at sun.reflect.NativeMethodAccessorImpl.invoke0(Native Method)
	at sun.reflect.NativeMethodAccessorImpl.invoke(NativeMethodAccessorImpl.java:62)
	at sun.reflect.DelegatingMethodAccessorImpl.invoke(DelegatingMethodAccessorImpl.java:43)
	at java.lang.reflect.Method.invoke(Method.java:498)
	at org.apache.catalina.startup.Bootstrap.load(Bootstrap.java:306)
	at org.apache.catalina.startup.Bootstrap.main(Bootstrap.java:491)
Caused by: java.net.SocketException: Permission denied
	at sun.nio.ch.Net.bind0(Native Method)
	at sun.nio.ch.Net.bind(Net.java:433)
	at sun.nio.ch.Net.bind(Net.java:425)
	at sun.nio.ch.ServerSocketChannelImpl.bind(ServerSocketChannelImpl.java:223)
	at sun.nio.ch.ServerSocketAdaptor.bind(ServerSocketAdaptor.java:74)
	at org.apache.tomcat.util.net.NioEndpoint.initServerSocket(NioEndpoint.java:236)
	at org.apache.tomcat.util.net.NioEndpoint.bind(NioEndpoint.java:210)
	at org.apache.tomcat.util.net.AbstractEndpoint.bindWithCleanup(AbstractEndpoint.java:1085)
	at org.apache.tomcat.util.net.AbstractEndpoint.init(AbstractEndpoint.java:1098)
	at org.apache.coyote.AbstractProtocol.init(AbstractProtocol.java:557)
	at org.apache.coyote.http11.AbstractHttp11Protocol.init(AbstractHttp11Protocol.java:74)
	at org.apache.catalina.connector.Connector.initInternal(Connector.java:976)
	... 13 more

09-Dec-2019 22:59:52.356 INFO [main] org.apache.coyote.AbstractProtocol.init Initializing ProtocolHandler ["ajp-nio-8009"]
09-Dec-2019 22:59:52.375 INFO [main] org.apache.catalina.startup.Catalina.load Server initialization in [1,028] milliseconds
09-Dec-2019 22:59:52.426 INFO [main] org.apache.catalina.core.StandardService.startInternal Starting service [Catalina]
09-Dec-2019 22:59:52.426 INFO [main] org.apache.catalina.core.StandardEngine.startInternal Starting Servlet engine: [Apache Tomcat/9.0.14]
09-Dec-2019 22:59:52.452 INFO [main] org.apache.catalina.startup.HostConfig.deployDirectory Deploying web application directory [/home/zhou/ts/apache-tomcat-9.0.14/webapps/host-manager]
09-Dec-2019 22:59:53.046 INFO [main] org.apache.catalina.startup.HostConfig.deployDirectory Deployment of web application directory [/home/zhou/ts/apache-tomcat-9.0.14/webapps/host-manager] has finished in [594] ms
09-Dec-2019 22:59:53.046 INFO [main] org.apache.catalina.startup.HostConfig.deployDirectory Deploying web application directory [/home/zhou/ts/apache-tomcat-9.0.14/webapps/ROOT]
09-Dec-2019 22:59:53.074 INFO [main] org.apache.catalina.startup.HostConfig.deployDirectory Deployment of web application directory [/home/zhou/ts/apache-tomcat-9.0.14/webapps/ROOT] has finished in [28] ms
09-Dec-2019 22:59:53.075 INFO [main] org.apache.catalina.startup.HostConfig.deployDirectory Deploying web application directory [/home/zhou/ts/apache-tomcat-9.0.14/webapps/docs]
09-Dec-2019 22:59:53.127 INFO [main] org.apache.catalina.startup.HostConfig.deployDirectory Deployment of web application directory [/home/zhou/ts/apache-tomcat-9.0.14/webapps/docs] has finished in [53] ms
09-Dec-2019 22:59:53.128 INFO [main] org.apache.catalina.startup.HostConfig.deployDirectory Deploying web application directory [/home/zhou/ts/apache-tomcat-9.0.14/webapps/examples]
09-Dec-2019 22:59:53.513 INFO [main] org.apache.catalina.startup.HostConfig.deployDirectory Deployment of web application directory [/home/zhou/ts/apache-tomcat-9.0.14/webapps/examples] has finished in [385] ms
09-Dec-2019 22:59:53.513 INFO [main] org.apache.catalina.startup.HostConfig.deployDirectory Deploying web application directory [/home/zhou/ts/apache-tomcat-9.0.14/webapps/manager]
09-Dec-2019 22:59:53.557 INFO [main] org.apache.catalina.startup.HostConfig.deployDirectory Deployment of web application directory [/home/zhou/ts/apache-tomcat-9.0.14/webapps/manager] has finished in [44] ms
09-Dec-2019 22:59:53.574 INFO [main] org.apache.coyote.AbstractProtocol.start Starting ProtocolHandler ["http-nio-8080"]
09-Dec-2019 22:59:53.586 INFO [main] org.apache.coyote.AbstractProtocol.start Starting ProtocolHandler ["ajp-nio-8009"]
09-Dec-2019 22:59:53.589 INFO [main] org.apache.catalina.startup.Catalina.start Server startup in [1,214] milliseconds
09-Dec-2019 23:12:26.519 INFO [main] org.apache.catalina.core.StandardServer.await A valid shutdown command was received via the shutdown port. Stopping the Server instance.
09-Dec-2019 23:12:26.519 INFO [main] org.apache.coyote.AbstractProtocol.pause Pausing ProtocolHandler ["http-nio-8080"]
09-Dec-2019 23:12:26.527 INFO [main] org.apache.coyote.AbstractProtocol.pause Pausing ProtocolHandler ["https-jsse-nio-443"]
09-Dec-2019 23:12:26.528 INFO [main] org.apache.coyote.AbstractProtocol.pause Pausing ProtocolHandler ["ajp-nio-8009"]
09-Dec-2019 23:12:26.533 INFO [main] org.apache.catalina.core.StandardService.stopInternal Stopping service [Catalina]
09-Dec-2019 23:12:26.558 INFO [main] org.apache.coyote.AbstractProtocol.stop Stopping ProtocolHandler ["http-nio-8080"]
09-Dec-2019 23:12:26.562 INFO [main] org.apache.coyote.AbstractProtocol.stop Stopping ProtocolHandler ["ajp-nio-8009"]
09-Dec-2019 23:12:26.563 INFO [main] org.apache.coyote.AbstractProtocol.destroy Destroying ProtocolHandler ["http-nio-8080"]
09-Dec-2019 23:12:26.564 INFO [main] org.apache.coyote.AbstractProtocol.stop Stopping ProtocolHandler ["https-jsse-nio-443"]
09-Dec-2019 23:12:26.564 INFO [main] org.apache.coyote.AbstractProtocol.destroy Destroying ProtocolHandler ["https-jsse-nio-443"]
09-Dec-2019 23:12:26.564 INFO [main] org.apache.coyote.AbstractProtocol.destroy Destroying ProtocolHandler ["ajp-nio-8009"]
